[debug] [2024-08-10T20:09:09.089Z] ----------------------------------------------------------------------
[debug] [2024-08-10T20:09:09.092Z] Command:       C:\Program Files\nodejs\node.exe C:\Users\pram1\AppData\Roaming\npm\node_modules\firebase-tools\lib\bin\firebase.js init
[debug] [2024-08-10T20:09:09.093Z] CLI Version:   13.15.1
[debug] [2024-08-10T20:09:09.093Z] Platform:      win32
[debug] [2024-08-10T20:09:09.093Z] Node Version:  v20.13.1
[debug] [2024-08-10T20:09:09.093Z] Time:          Sun Aug 11 2024 01:54:09 GMT+0545 (Nepal Time)
[debug] [2024-08-10T20:09:09.093Z] ----------------------------------------------------------------------
[debug] 
[debug] [2024-08-10T20:09:09.100Z] > command requires scopes: ["email","openid","https://www.googleapis.com/auth/cloudplatformprojects.readonly","https://www.googleapis.com/auth/firebase","https://www.googleapis.com/auth/cloud-platform"]
[debug] [2024-08-10T20:09:09.100Z] > authorizing via signed-in user (pram5karki@gmail.com)
[info] 
     ######## #### ########  ######## ########     ###     ######  ########
     ##        ##  ##     ## ##       ##     ##  ##   ##  ##       ##
     ######    ##  ########  ######   ########  #########  ######  ######
     ##        ##  ##    ##  ##       ##     ## ##     ##       ## ##
     ##       #### ##     ## ######## ########  ##     ##  ######  ########

You're about to initialize a Firebase project in this directory:

  C:\Users\pram1\OneDrive\Documents\Arduino\test

[info] 
=== Account Setup
[info] 
[info] Which account do you want to use for this project? Choose an account or add a new one now
[info] 
[debug] [2024-08-10T20:09:16.195Z] setProjectAccount(C:\Users\pram1\OneDrive\Documents\Arduino\test, pram15karki@gmail.com)
[info] 
[info] +  Using account: pram15karki@gmail.com 
[info] 
=== Project Setup
[info] 
[info] First, let's associate this project directory with a Firebase project.
[info] You can create multiple project aliases by running firebase use --add, 
[info] but for now we'll just set up a default project.
[info] 
[debug] [2024-08-10T20:09:18.740Z] > refreshing access token with scopes: []
[debug] [2024-08-10T20:09:18.742Z] >>> [apiv2][query] POST https://www.googleapis.com/oauth2/v3/token [none]
[debug] [2024-08-10T20:09:18.743Z] >>> [apiv2][body] POST https://www.googleapis.com/oauth2/v3/token [omitted]
[debug] [2024-08-10T20:09:19.164Z] <<< [apiv2][status] POST https://www.googleapis.com/oauth2/v3/token 200
[debug] [2024-08-10T20:09:19.164Z] <<< [apiv2][body] POST https://www.googleapis.com/oauth2/v3/token [omitted]
[debug] [2024-08-10T20:09:19.168Z] >>> [apiv2][query] GET https://firebase.googleapis.com/v1beta1/projects pageSize=100
[debug] [2024-08-10T20:09:20.527Z] <<< [apiv2][status] GET https://firebase.googleapis.com/v1beta1/projects 200
[debug] [2024-08-10T20:09:20.527Z] <<< [apiv2][body] GET https://firebase.googleapis.com/v1beta1/projects [omitted]
[info] i  Using project kata-chau-d980a (kata chau) 
[info] 
=== Hosting Setup
[debug] [2024-08-10T20:09:41.373Z] >>> [apiv2][query] GET https://firebase.googleapis.com/v1beta1/projects/kata-chau-d980a [none]
[debug] [2024-08-10T20:09:41.977Z] <<< [apiv2][status] GET https://firebase.googleapis.com/v1beta1/projects/kata-chau-d980a 200
[debug] [2024-08-10T20:09:41.977Z] <<< [apiv2][body] GET https://firebase.googleapis.com/v1beta1/projects/kata-chau-d980a {"projectId":"kata-chau-d980a","projectNumber":"471354022951","displayName":"kata chau","name":"projects/kata-chau-d980a","resources":{"hostingSite":"kata-chau-d980a"},"state":"ACTIVE","etag":"1_62c87fc2-13b7-4f50-b15a-1198210309fe"}
[info] 
[info] Your public directory is the folder (relative to your project directory) that
[info] will contain Hosting assets to be uploaded with firebase deploy. If you
[info] have a build process for your assets, use your build's output directory.
[info] 
[debug] [2024-08-10T20:09:54.522Z] >>> [apiv2][query] GET https://www.gstatic.com/firebasejs/releases.json [none]
[debug] [2024-08-10T20:09:55.232Z] <<< [apiv2][status] GET https://www.gstatic.com/firebasejs/releases.json 200
[debug] [2024-08-10T20:09:55.233Z] <<< [apiv2][body] GET https://www.gstatic.com/firebasejs/releases.json {"current":{"version":"10.12.5","browserURL":"https://www.gstatic.com/firebasejs/10.12.5/firebase.js","packageURL":"https://www.gstatic.com/firebasejs/10.12.5/firebase.tgz"},"live":{"version":"10.12","browserURL":"https://www.gstatic.com/firebasejs/live/10.12/firebase.js","packageURL":"https://www.gstatic.com/firebasejs/live/10.12/firebase.tgz"},"components":{"analytics":"https://www.gstatic.com/firebasejs/10.12.5/firebase-analytics.js","app":"https://www.gstatic.com/firebasejs/10.12.5/firebase-app.js","app-check":"https://www.gstatic.com/firebasejs/10.12.5/firebase-app-check.js","auth":"https://www.gstatic.com/firebasejs/10.12.5/firebase-auth.js","auth/cordova":"https://www.gstatic.com/firebasejs/10.12.5/firebase-auth/cordova.js","auth/web-extension":"https://www.gstatic.com/firebasejs/10.12.5/firebase-auth/web-extension.js","functions":"https://www.gstatic.com/firebasejs/10.12.5/firebase-functions.js","firestore":"https://www.gstatic.com/firebasejs/10.12.5/firebase-firestore.js","firestore/lite":"https://www.gstatic.com/firebasejs/10.12.5/firebase-firestore/lite.js","installations":"https://www.gstatic.com/firebasejs/10.12.5/firebase-installations.js","storage":"https://www.gstatic.com/firebasejs/10.12.5/firebase-storage.js","performance":"https://www.gstatic.com/firebasejs/10.12.5/firebase-performance.js","remote-config":"https://www.gstatic.com/firebasejs/10.12.5/firebase-remote-config.js","messaging":"https://www.gstatic.com/firebasejs/10.12.5/firebase-messaging.js","messaging/sw":"https://www.gstatic.com/firebasejs/10.12.5/firebase-messaging/sw.js","database":"https://www.gstatic.com/firebasejs/10.12.5/firebase-database.js","vertexai-preview":"https://www.gstatic.com/firebasejs/10.12.5/firebase-vertexai-preview.js","firestore.memory":"https://www.gstatic.com/firebasejs/10.12.5/firebase-firestore.memory.js"}}
[info] +  Wrote public/index.html 
[info] 
[info] i  Didn't detect a .git folder. Assuming C:\Users\pram1\OneDrive\Documents\Arduino\test is the project root. 
[info] i  Authorizing with GitHub to upload your service account to a GitHub repository's secrets store. 
[info] 
[info] Visit this URL on this device to log in:
[info] https://github.com/login/oauth/authorize?client_id=89cf50f02ac6aaed3484&state=798584872&redirect_uri=http%3A%2F%2Flocalhost%3A9005&scope=read%3Auser%20repo%20public_repo
[info] 
[info] Waiting for authentication...
[debug] [2024-08-10T20:10:03.003Z] >>> [apiv2][query] POST https://github.com/login/oauth/access_token [none]
[debug] [2024-08-10T20:10:03.003Z] >>> [apiv2][body] POST https://github.com/login/oauth/access_token [stream]
[debug] [2024-08-10T20:10:04.002Z] <<< [apiv2][status] POST https://github.com/login/oauth/access_token 200
[debug] [2024-08-10T20:10:04.003Z] <<< [apiv2][body] POST https://github.com/login/oauth/access_token {"access_token":"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","token_type":"bearer","scope":"read:user,repo"}
[debug] [2024-08-10T20:10:04.007Z] >>> [apiv2][query] GET https://api.github.com/user [none]
[debug] [2024-08-10T20:10:05.010Z] <<< [apiv2][status] GET https://api.github.com/user 200
[debug] [2024-08-10T20:10:05.010Z] <<< [apiv2][body] GET https://api.github.com/user {"login":"KARKIPRAMOD","id":139885841,"node_id":"U_kgDOCFZ9EQ","avatar_url":"https://avatars.githubusercontent.com/u/139885841?v=4","gravatar_id":"","url":"https://api.github.com/users/KARKIPRAMOD","html_url":"https://github.com/KARKIPRAMOD","followers_url":"https://api.github.com/users/KARKIPRAMOD/followers","following_url":"https://api.github.com/users/KARKIPRAMOD/following{/other_user}","gists_url":"https://api.github.com/users/KARKIPRAMOD/gists{/gist_id}","starred_url":"https://api.github.com/users/KARKIPRAMOD/starred{/owner}{/repo}","subscriptions_url":"https://api.github.com/users/KARKIPRAMOD/subscriptions","organizations_url":"https://api.github.com/users/KARKIPRAMOD/orgs","repos_url":"https://api.github.com/users/KARKIPRAMOD/repos","events_url":"https://api.github.com/users/KARKIPRAMOD/events{/privacy}","received_events_url":"https://api.github.com/users/KARKIPRAMOD/received_events","type":"User","site_admin":false,"name":"Pramod Karki","company":"kcc","blog":"","location":null,"email":null,"hireable":null,"bio":null,"twitter_username":null,"notification_email":null,"public_repos":10,"public_gists":0,"followers":19,"following":9,"created_at":"2023-07-18T14:12:03Z","updated_at":"2024-07-29T18:07:14Z","private_gists":0,"total_private_repos":3,"owned_private_repos":3,"disk_usage":93360,"collaborators":0,"two_factor_authentication":false,"plan":{"name":"free","space":976562499,"collaborators":0,"private_repos":10000}}
[info] 
[info] +  Success! Logged into GitHub as KARKIPRAMOD 
[info] 
